[2024-04-10T12:59:21.162Z] [32minfo[39m 	Received a POST request for /register
[2024-04-10T12:59:32.630Z] [32minfo[39m 	Received a POST request for /signup
[2024-04-10T12:59:42.801Z] [32minfo[39m 	Received a POST request for /signup
[2024-04-10T12:59:43.295Z] [32minfo[39m 	Received a POST request for /signup
[2024-04-10T13:00:20.408Z] [32minfo[39m 	Received a POST request for /signup
[2024-04-10T13:00:20.929Z] [32minfo[39m 	Received a POST request for /signup
[2024-04-10T13:00:21.358Z] [32minfo[39m 	Received a POST request for /signup
[2024-04-10T13:02:02.354Z] [32minfo[39m 	Received a POST request for /signup
[2024-04-10T13:02:02.873Z] [32minfo[39m 	Received a POST request for /signup
[2024-04-10T13:36:28.353Z] [32minfo[39m 	Received a POST request for /signup
[2024-04-10T13:36:36.996Z] [32minfo[39m 	Received a POST request for /signup
[2024-04-10T13:36:47.214Z] [32minfo[39m 	Received a POST request for /signin
[2024-04-10T13:36:51.551Z] [32minfo[39m 	Received a POST request for /signin
[2024-04-10T13:36:53.794Z] [32minfo[39m 	Received a POST request for /signin
[2024-04-10T13:37:06.729Z] [32minfo[39m 	Received a POST request for /signin
[2024-04-10T13:39:12.064Z] [32minfo[39m 	Received a POST request for /signin
[2024-04-10T13:39:40.052Z] [32minfo[39m 	Received a POST request for /signin
[2024-04-10T13:39:40.727Z] [32minfo[39m 	Received a POST request for /signin
[2024-04-10T13:39:55.893Z] [32minfo[39m 	Received a POST request for /signin
[2024-04-10T13:39:56.348Z] [32minfo[39m 	Received a POST request for /signin
[2024-04-10T13:39:56.777Z] [32minfo[39m 	Received a POST request for /signin
[2024-04-10T13:40:24.306Z] [32minfo[39m 	Received a POST request for /signin
[2024-04-10T13:41:50.248Z] [32minfo[39m 	Received a POST request for /signin
[2024-04-10T13:43:05.282Z] [32minfo[39m 	Received a POST request for /signin
[2024-04-10T13:44:52.878Z] [32minfo[39m 	Received a POST request for /signin
[2024-04-10T13:44:53.424Z] [32minfo[39m 	Received a POST request for /signin
[2024-04-10T13:44:53.918Z] [32minfo[39m 	Received a POST request for /signin
[2024-04-10T13:44:55.390Z] [32minfo[39m 	Received a POST request for /signup
[2024-04-10T13:45:20.159Z] [32minfo[39m 	Received a POST request for /signup
[2024-04-10T13:45:20.907Z] [32minfo[39m 	Received a POST request for /signup
[2024-04-10T13:45:27.909Z] [32minfo[39m 	Received a POST request for /signup
[2024-04-10T13:47:34.552Z] [32minfo[39m 	Received a GET request for /info
[2024-04-10T13:47:52.726Z] [32minfo[39m 	Received a GET request for /info
[2024-04-10T13:47:53.763Z] [32minfo[39m 	Received a GET request for /info
[2024-04-10T13:48:21.075Z] [32minfo[39m 	Received a GET request for /info
[2024-04-10T13:48:25.336Z] [32minfo[39m 	Received a GET request for /info
[2024-04-10T13:48:30.259Z] [32minfo[39m 	Received a GET request for /info
[2024-04-10T13:48:30.647Z] [32minfo[39m 	Received a GET request for /info
[2024-04-10T13:48:30.963Z] [32minfo[39m 	Received a GET request for /info
[2024-04-10T13:48:31.275Z] [32minfo[39m 	Received a GET request for /info
[2024-04-10T13:48:37.254Z] [32minfo[39m 	Received a POST request for /signin
[2024-04-10T13:48:47.856Z] [32minfo[39m 	Received a POST request for /signin
[2024-04-10T13:48:54.063Z] [32minfo[39m 	Received a GET request for /info
[2024-04-10T13:49:16.198Z] [32minfo[39m 	Received a GET request for /info
[2024-04-10T13:49:16.653Z] [32minfo[39m 	Received a GET request for /info
[2024-04-10T13:49:16.951Z] [32minfo[39m 	Received a GET request for /info
[2024-04-10T13:49:17.304Z] [32minfo[39m 	Received a GET request for /info
[2024-04-10T13:49:17.648Z] [32minfo[39m 	Received a GET request for /info
[2024-04-10T13:49:17.998Z] [32minfo[39m 	Received a GET request for /info
[2024-04-10T13:49:19.182Z] [32minfo[39m 	Received a POST request for /signin
[2024-04-10T13:49:24.690Z] [32minfo[39m 	Received a GET request for /info
[2024-04-10T13:49:42.875Z] [32minfo[39m 	Received a GET request for /info
[2024-04-10T13:49:43.320Z] [32minfo[39m 	Received a GET request for /info
[2024-04-10T13:50:03.192Z] [32minfo[39m 	Received a GET request for /info
[2024-04-10T13:50:03.529Z] [32minfo[39m 	Received a GET request for /info
[2024-04-10T13:50:03.924Z] [32minfo[39m 	Received a GET request for /info
[2024-04-10T13:50:05.445Z] [32minfo[39m 	Received a GET request for /info
[2024-04-10T13:50:05.949Z] [32minfo[39m 	Received a GET request for /info
[2024-04-10T13:50:14.915Z] [32minfo[39m 	Received a GET request for /info
[2024-04-10T13:50:15.189Z] [32minfo[39m 	Received a GET request for /info
[2024-04-10T13:50:15.856Z] [32minfo[39m 	Received a GET request for /info
[2024-04-10T13:50:30.271Z] [32minfo[39m 	Received a GET request for /info
[2024-04-10T13:50:30.641Z] [32minfo[39m 	Received a GET request for /info
[2024-04-10T13:50:34.952Z] [32minfo[39m 	Received a POST request for /signin
[2024-04-10T13:50:39.926Z] [32minfo[39m 	Received a GET request for /info
[2024-04-10T14:06:30.270Z] [32minfo[39m 	Received a POST request for /signin
[2024-04-10T14:06:41.480Z] [32minfo[39m 	Received a GET request for /info
[2024-04-10T14:06:42.094Z] [32minfo[39m 	Received a GET request for /info
[2024-04-10T14:06:59.420Z] [32minfo[39m 	Received a GET request for /info
[2024-04-10T14:06:59.707Z] [32minfo[39m 	Received a GET request for /info
[2024-04-10T14:07:00.027Z] [32minfo[39m 	Received a GET request for /info
[2024-04-10T14:07:00.339Z] [32minfo[39m 	Received a GET request for /info
[2024-04-10T14:07:12.221Z] [32minfo[39m 	Received a GET request for /info
[2024-04-10T14:07:12.507Z] [32minfo[39m 	Received a GET request for /info
[2024-04-10T14:07:12.845Z] [32minfo[39m 	Received a GET request for /info
[2024-04-10T14:07:23.676Z] [32minfo[39m 	Received a GET request for /info
[2024-04-10T14:07:24.000Z] [32minfo[39m 	Received a GET request for /info
[2024-04-10T14:07:36.487Z] [32minfo[39m 	Received a GET request for /info
[2024-04-10T14:07:37.338Z] [32minfo[39m 	Received a GET request for /info
[2024-04-10T14:07:47.282Z] [32minfo[39m 	Received a GET request for /info
[2024-04-10T14:08:17.472Z] [32minfo[39m 	Received a GET request for /info
[2024-04-10T14:08:17.771Z] [32minfo[39m 	Received a GET request for /info
[2024-04-10T14:08:18.132Z] [32minfo[39m 	Received a GET request for /info
[2024-04-10T14:08:18.467Z] [32minfo[39m 	Received a GET request for /info
[2024-04-10T14:08:18.775Z] [32minfo[39m 	Received a GET request for /info
[2024-04-10T14:08:23.404Z] [32minfo[39m 	Received a POST request for /signup
[2024-04-10T14:08:26.362Z] [32minfo[39m 	Received a POST request for /signup
[2024-04-10T14:08:31.945Z] [32minfo[39m 	Received a GET request for /info
[2024-04-10T14:08:51.398Z] [32minfo[39m 	Received a POST request for /signup
[2024-04-10T14:08:59.649Z] [32minfo[39m 	Received a GET request for /info
[2024-04-10T14:09:08.519Z] [32minfo[39m 	Received a GET request for /info
[2024-04-10T14:09:08.965Z] [32minfo[39m 	Received a GET request for /info
[2024-04-10T14:09:16.517Z] [32minfo[39m 	Received a GET request for /info
[2024-04-10T14:09:16.762Z] [32minfo[39m 	Received a GET request for /info
[2024-04-10T14:09:17.160Z] [32minfo[39m 	Received a GET request for /info
[2024-04-10T14:09:17.827Z] [32minfo[39m 	Received a GET request for /info
[2024-04-10T14:09:18.132Z] [32minfo[39m 	Received a GET request for /info
[2024-04-10T14:09:49.794Z] [32minfo[39m 	Received a GET request for /info
[2024-04-10T14:09:51.680Z] [32minfo[39m 	Received a POST request for /signin
[2024-04-10T14:09:52.015Z] [32minfo[39m 	Received a POST request for /signin
[2024-04-10T14:09:52.325Z] [32minfo[39m 	Received a POST request for /signin
[2024-04-10T14:09:52.688Z] [32minfo[39m 	Received a POST request for /signin
[2024-04-10T14:09:58.498Z] [32minfo[39m 	Received a GET request for /info
[2024-04-10T14:11:11.117Z] [32minfo[39m 	Received a GET request for /info
[2024-04-10T14:17:30.356Z] [32minfo[39m 	Received a GET request for /file/list
[2024-04-10T14:17:36.240Z] [32minfo[39m 	Received a GET request for /file/list
[2024-04-10T14:21:28.484Z] [32minfo[39m 	Received a GET request for /file/upload
[2024-04-10T14:21:44.935Z] [32minfo[39m 	Received a GET request for /file/upload
[2024-04-10T14:21:54.754Z] [32minfo[39m 	Received a POST request for /file/upload
[2024-04-10T14:26:42.005Z] [32minfo[39m 	Received a POST request for /file/download/1
[2024-04-10T14:26:45.630Z] [32minfo[39m 	Received a GET request for /file/download/1
[2024-04-10T14:27:13.394Z] [32minfo[39m 	Received a GET request for /file/download/1
[2024-04-10T14:27:13.487Z] [32minfo[39m 	Received a GET request for /favicon.ico
[2024-04-10T14:27:18.617Z] [32minfo[39m 	Received a GET request for /file/download/1
[2024-04-10T14:27:32.529Z] [32minfo[39m 	Received a GET request for /file/download/1
[2024-04-10T14:27:33.297Z] [32minfo[39m 	Received a GET request for /file/download/1
[2024-04-10T14:27:44.755Z] [32minfo[39m 	Received a GET request for /file/download/1
[2024-04-11T06:26:21.587Z] [32minfo[39m 	Received a GET request for /file/
[2024-04-11T06:26:31.080Z] [32minfo[39m 	Received a GET request for /file/list
[2024-04-11T06:26:33.461Z] [32minfo[39m 	Received a POST request for /signin
[2024-04-11T06:26:41.525Z] [32minfo[39m 	Received a GET request for /file/list
[2024-04-11T06:28:33.247Z] [32minfo[39m 	Received a POST request for /signin
[2024-04-11T06:28:42.373Z] [32minfo[39m 	Received a POST request for /signin
[2024-04-11T06:28:50.569Z] [32minfo[39m 	Received a POST request for /signin
[2024-04-11T06:29:16.299Z] [32minfo[39m 	Received a POST request for /signin
[2024-04-11T06:29:45.437Z] [32minfo[39m 	Received a POST request for /signin
[2024-04-11T06:29:47.221Z] [32minfo[39m 	Received a GET request for /file/1
[2024-04-11T06:33:41.895Z] [32minfo[39m 	Received a GET request for /file/:id
[2024-04-11T06:33:45.076Z] [32minfo[39m 	Received a GET request for /file/1
[2024-04-11T06:34:16.581Z] [32minfo[39m 	Received a GET request for /file/1
[2024-04-11T06:34:23.483Z] [32minfo[39m 	Received a GET request for /file/1
[2024-04-11T06:34:23.928Z] [32minfo[39m 	Received a GET request for /file/1
[2024-04-11T06:34:33.753Z] [32minfo[39m 	Received a GET request for /file/1
[2024-04-11T06:34:33.974Z] [32minfo[39m 	Received a GET request for /file/1
[2024-04-11T06:34:45.575Z] [32minfo[39m 	Received a GET request for /file/1
[2024-04-11T06:34:45.968Z] [32minfo[39m 	Received a GET request for /file/1
[2024-04-11T06:35:11.195Z] [32minfo[39m 	Received a GET request for /file/1
[2024-04-11T06:36:56.788Z] [32minfo[39m 	Received a GET request for /file/1
[2024-04-11T06:36:59.783Z] [32minfo[39m 	Received a GET request for /file/:id
[2024-04-11T06:37:09.668Z] [32minfo[39m 	Received a GET request for /file/:id
[2024-04-11T06:37:10.558Z] [32minfo[39m 	Received a GET request for /file/:id
[2024-04-11T06:37:13.214Z] [32minfo[39m 	Received a POST request for /signin
[2024-04-11T06:37:14.961Z] [32minfo[39m 	Received a GET request for /file/:id
[2024-04-11T06:37:22.515Z] [32minfo[39m 	Received a GET request for /file/1
[2024-04-11T06:37:38.494Z] [32minfo[39m 	Received a GET request for /file
[2024-04-11T06:37:40.010Z] [32minfo[39m 	Received a GET request for /file/1
[2024-04-11T06:37:41.632Z] [32minfo[39m 	Received a GET request for /file/
[2024-04-11T06:37:42.585Z] [32minfo[39m 	Received a GET request for /file/1
[2024-04-11T06:37:50.729Z] [32minfo[39m 	Received a GET request for /file/
[2024-04-11T06:43:51.610Z] [32minfo[39m 	Received a POST request for /signin
[2024-04-11T06:43:53.578Z] [32minfo[39m 	Received a GET request for /file/1
[2024-04-11T06:43:54.804Z] [32minfo[39m 	Received a GET request for /file/
[2024-04-11T06:43:56.147Z] [32minfo[39m 	Received a GET request for /file/1
[2024-04-11T06:44:25.026Z] [32minfo[39m 	Received a GET request for /file/1
[2024-04-11T06:44:25.442Z] [32minfo[39m 	Received a GET request for /file/1
[2024-04-11T06:44:25.778Z] [32minfo[39m 	Received a GET request for /file/1
[2024-04-11T06:44:26.175Z] [32minfo[39m 	Received a GET request for /file/1
[2024-04-11T06:44:33.402Z] [32minfo[39m 	Received a GET request for /file/d
[2024-04-11T06:44:34.662Z] [32minfo[39m 	Received a GET request for /file/a
[2024-04-11T06:44:35.384Z] [32minfo[39m 	Received a GET request for /file/
[2024-04-11T07:05:47.423Z] [32minfo[39m 	Received a POST request for /signin
[2024-04-11T07:06:09.653Z] [32minfo[39m 	Received a POST request for /file/list
[2024-04-11T07:06:16.264Z] [32minfo[39m 	Received a POST request for /file/
[2024-04-11T07:06:17.109Z] [32minfo[39m 	Received a POST request for /file/
[2024-04-11T07:06:24.170Z] [32minfo[39m 	Received a POST request for /file/upload
[2024-04-11T07:34:48.525Z] [32minfo[39m 	Received a POST request for /file/upload
[2024-04-11T07:34:51.032Z] [32minfo[39m 	Received a POST request for /signin
[2024-04-11T07:34:52.701Z] [32minfo[39m 	Received a POST request for /file/upload
[2024-04-11T07:35:27.610Z] [32minfo[39m 	Received a POST request for /file/upload
[2024-04-11T07:35:35.620Z] [32minfo[39m 	Received a POST request for /file/upload
[2024-04-11T07:35:36.658Z] [32minfo[39m 	Received a POST request for /file/upload
[2024-04-11T07:35:37.336Z] [32minfo[39m 	Received a POST request for /file/upload
[2024-04-11T07:35:37.735Z] [32minfo[39m 	Received a POST request for /file/upload
[2024-04-11T07:36:00.024Z] [32minfo[39m 	Received a POST request for /file/upload
[2024-04-11T07:36:09.485Z] [32minfo[39m 	Received a POST request for /file/upload
[2024-04-11T07:36:09.807Z] [32minfo[39m 	Received a POST request for /file/upload
[2024-04-11T07:36:10.218Z] [32minfo[39m 	Received a POST request for /file/upload
[2024-04-11T07:36:12.580Z] [32minfo[39m 	Received a POST request for /signin
[2024-04-11T07:36:15.069Z] [32minfo[39m 	Received a POST request for /file/upload
[2024-04-11T07:36:26.359Z] [32minfo[39m 	Received a POST request for /file/upload
[2024-04-11T07:36:26.810Z] [32minfo[39m 	Received a POST request for /file/upload
[2024-04-11T07:36:44.977Z] [32minfo[39m 	Received a POST request for /file/upload
[2024-04-11T07:36:45.373Z] [32minfo[39m 	Received a POST request for /file/upload
[2024-04-11T07:36:46.904Z] [32minfo[39m 	Received a POST request for /file/upload
[2024-04-11T07:36:49.951Z] [32minfo[39m 	Received a POST request for /file/upload
[2024-04-11T07:37:11.090Z] [32minfo[39m 	Received a POST request for /file/upload
[2024-04-11T07:37:11.333Z] [32minfo[39m 	Received a POST request for /file/upload
[2024-04-11T07:37:18.567Z] [32minfo[39m 	Received a POST request for /file/upload
[2024-04-11T07:37:18.931Z] [32minfo[39m 	Received a POST request for /file/upload
[2024-04-11T07:37:19.262Z] [32minfo[39m 	Received a POST request for /file/upload
[2024-04-11T07:37:19.620Z] [32minfo[39m 	Received a POST request for /file/upload
[2024-04-11T07:37:21.127Z] [32minfo[39m 	Received a POST request for /signin
[2024-04-11T07:37:22.184Z] [32minfo[39m 	Received a POST request for /file/upload
[2024-04-11T07:37:33.921Z] [32minfo[39m 	Received a POST request for /file/upload
[2024-04-11T07:37:34.197Z] [32minfo[39m 	Received a POST request for /file/upload
[2024-04-11T07:37:54.286Z] [32minfo[39m 	Received a POST request for /file/upload
[2024-04-11T07:37:54.555Z] [32minfo[39m 	Received a POST request for /file/upload
[2024-04-11T07:37:54.868Z] [32minfo[39m 	Received a POST request for /file/upload
[2024-04-11T07:39:44.502Z] [32minfo[39m 	Received a POST request for /file/upload
[2024-04-11T07:39:47.118Z] [32minfo[39m 	Received a POST request for /signin
[2024-04-11T07:39:48.539Z] [32minfo[39m 	Received a POST request for /file/upload
[2024-04-11T07:40:08.710Z] [32minfo[39m 	Received a POST request for /file/upload
[2024-04-11T07:40:14.791Z] [32minfo[39m 	Received a POST request for /file/upload
[2024-04-11T07:54:47.498Z] [32minfo[39m 	Received a POST request for /signin
[2024-04-11T07:55:26.334Z] [32minfo[39m 	Received a POST request for /signin
[2024-04-11T08:08:43.470Z] [32minfo[39m 	Received a POST request for /signin
[2024-04-11T08:08:45.198Z] [32minfo[39m 	Received a GET request for /file/
[2024-04-11T08:08:46.976Z] [32minfo[39m 	Received a GET request for /file/1
[2024-04-11T08:08:50.013Z] [32minfo[39m 	Received a GET request for /file/download/1
[2024-04-11T08:08:51.766Z] [32minfo[39m 	Received a GET request for /file/list
[2024-04-11T08:09:27.583Z] [32minfo[39m 	Received a GET request for /file/list
[2024-04-11T08:11:00.037Z] [32minfo[39m 	Received a GET request for /file/list
[2024-04-11T08:11:01.052Z] [32minfo[39m 	Received a GET request for /file/list
[2024-04-11T08:11:02.737Z] [32minfo[39m 	Received a POST request for /signin
[2024-04-11T08:11:03.953Z] [32minfo[39m 	Received a GET request for /file/list
[2024-04-11T10:13:32.014Z] [32minfo[39m 	Received a GET request for /file/list/s
[2024-04-11T10:15:18.731Z] [32minfo[39m 	Received a GET request for /file/list/s
[2024-04-11T10:15:19.186Z] [32minfo[39m 	Received a GET request for /file/list/s
[2024-04-11T10:16:56.214Z] [32minfo[39m 	Received a GET request for /file/list/s
[2024-04-11T10:17:55.170Z] [32minfo[39m 	Received a GET request for /fils
[2024-04-11T10:18:00.065Z] [32minfo[39m 	Received a GET request for /file/list/
[2024-04-11T10:18:01.055Z] [32minfo[39m 	Received a GET request for /file/list/s
[2024-04-11T10:23:10.384Z] [32minfo[39m 	Received a GET request for /file/list/s
[2024-04-11T10:23:11.188Z] [32minfo[39m 	Received a GET request for /file/list/s
[2024-04-11T10:23:11.490Z] [32minfo[39m 	Received a GET request for /file/list/s
[2024-04-11T10:23:11.834Z] [32minfo[39m 	Received a GET request for /file/list/s
[2024-04-11T10:23:12.429Z] [32minfo[39m 	Received a GET request for /file/list/s
[2024-04-11T10:23:13.657Z] [32minfo[39m 	Received a GET request for /file/list/
[2024-04-11T10:23:16.614Z] [32minfo[39m 	Received a GET request for /
[2024-04-11T10:23:16.615Z] [31merror[39m 	This is an error message
[2024-04-11T10:23:16.615Z] [33mwarn[39m 	This is a warning message
[2024-04-11T10:23:16.615Z] [32minfo[39m 	This is an info message
[2024-04-11T10:23:16.655Z] [32minfo[39m 	Received a GET request for /favicon.ico
[2024-04-11T10:30:00.867Z] [32minfo[39m 	Received a POST request for /signin
[2024-04-11T10:30:18.732Z] [32minfo[39m 	Received a POST request for /signin
[2024-04-11T10:30:19.237Z] [32minfo[39m 	Received a POST request for /signin
[2024-04-11T10:30:19.568Z] [32minfo[39m 	Received a POST request for /signin
[2024-04-11T10:31:11.349Z] [32minfo[39m 	Received a POST request for /signin
[2024-04-11T10:31:11.658Z] [32minfo[39m 	Received a POST request for /signin
[2024-04-11T10:31:12.026Z] [32minfo[39m 	Received a POST request for /signin
[2024-04-11T10:31:12.355Z] [32minfo[39m 	Received a POST request for /signin
[2024-04-11T10:31:41.560Z] [32minfo[39m 	Received a POST request for /signin
